<?xml version="1.0" encoding="UTF-8"?>
<!-- Generated by org.testng.reporters.JUnitXMLReporter -->
<testsuite hostname="Satya-ACER-LAPTOP" ignored="0" name="SmokeTest" tests="4" failures="0" timestamp="2020-02-27T21:03:10 IST" time="0.136" errors="0">
  <testcase name="method1" time="0.013" classname="com.selinium.testng.AnnaotationsTest"/>
  <testcase name="method2" time="0.004" classname="com.selinium.testng.AnnaotationsTest"/>
  <testcase name="method1" time="0.002" classname="com.selinium.testng.AnnotationsTest1"/>
  <testcase name="method2" time="0.006" classname="com.selinium.testng.AnnotationsTest1"/>
</testsuite> <!-- SmokeTest -->
